Build started 05/06/2015 4:28:42 PM.
     1>Project "C:\Users\Carl\Desktop\Development\SDL3D\build\SDL3D.vcxproj" on node 2 (Build target(s)).
     1>ClCompile:
         C:\Program Files (x86)\Microsoft Visual Studio 11.0\VC\bin\CL.exe /c /IC:\Users\Carl\Desktop\Development\SDL3D\src /I"C:\Users\Carl\Desktop\Development\SDL3D\lib\SDL2-2.0.3\include" /I"C:\Users\Carl\Desktop\Development\SDL3D\lib\glew-1.12.0\include" /nologo /W3 /WX- /O2 /Ob2 /Oy- /D WIN32 /D _WINDOWS /D NDEBUG /D "CMAKE_INTDIR=\"Release\"" /D _MBCS /Gm- /EHsc /MD /GS /fp:precise /Zc:wchar_t /Zc:forScope /GR /Fo"SDL3D.dir\Release\\" /Fd"SDL3D.dir\Release\vc110.pdb" /Gd /TP /analyze- /errorReport:prompt C:\Users\Carl\Desktop\Development\SDL3D\src\Game.cpp C:\Users\Carl\Desktop\Development\SDL3D\src\SDL3D.cpp
         Game.cpp
         SDL3D.cpp
         Generating Code...
       Link:
         C:\Program Files (x86)\Microsoft Visual Studio 11.0\VC\bin\link.exe /ERRORREPORT:PROMPT /OUT:"C:\Users\Carl\Desktop\Development\SDL3D\build\Release\SDL3D.exe" /INCREMENTAL:NO /NOLOGO kernel32.lib user32.lib gdi32.lib winspool.lib shell32.lib ole32.lib oleaut32.lib uuid.lib comdlg32.lib advapi32.lib "..\lib\glew-1.12.0\lib\Release\Win32\glew32.lib" glu32.lib opengl32.lib "..\lib\SDL2-2.0.3\lib\x86\SDL2.lib" "..\lib\SDL2-2.0.3\lib\x86\SDL2main.lib" /MANIFEST /MANIFESTUAC:"level='asInvoker' uiAccess='false'" /manifest:embed /PDB:"C:/Users/Carl/Desktop/Development/SDL3D/build/Release/SDL3D.pdb" /SUBSYSTEM:WINDOWS /TLBID:1 /DYNAMICBASE /NXCOMPAT /IMPLIB:"C:/Users/Carl/Desktop/Development/SDL3D/build/Release/SDL3D.lib" /MACHINE:X86 /SAFESEH  /machine:X86 SDL3D.dir\Release\SDL3D.obj
         SDL3D.dir\Release\Game.obj
         SDL3D.dir\Release\HelperFunctions.obj
         SDL3D.dir\Release\ResourceManager.obj
         SDL3D.vcxproj -> C:\Users\Carl\Desktop\Development\SDL3D\build\Release\SDL3D.exe
       PostBuildEvent:
         setlocal
         "C:\Program Files (x86)\CMake\bin\cmake.exe" -E copy_if_different C:/Users/Carl/Desktop/Development/SDL3D/lib/SDL2-2.0.3/lib/x86/SDL2.dll C:/Users/Carl/Desktop/Development/SDL3D/build/Release/SDL2.dll
         if %errorlevel% neq 0 goto :cmEnd
         :cmEnd
         endlocal & call :cmErrorLevel %errorlevel% & goto :cmDone
         :cmErrorLevel
         exit /b %1
         :cmDone
         if %errorlevel% neq 0 goto :VCEnd
         setlocal
         "C:\Program Files (x86)\CMake\bin\cmake.exe" -E copy_if_different C:/Users/Carl/Desktop/Development/SDL3D/lib/glew-1.12.0/bin/Release/Win32/glew32.dll C:/Users/Carl/Desktop/Development/SDL3D/build/Release/glew32.dll
         if %errorlevel% neq 0 goto :cmEnd
         :cmEnd
         endlocal & call :cmErrorLevel %errorlevel% & goto :cmDone
         :cmErrorLevel
         exit /b %1
         :cmDone
         if %errorlevel% neq 0 goto :VCEnd
         setlocal
         "C:\Program Files (x86)\CMake\bin\cmake.exe" -E copy_directory C:/Users/Carl/Desktop/Development/SDL3D/resource C:/Users/Carl/Desktop/Development/SDL3D/build/Release/resource
         if %errorlevel% neq 0 goto :cmEnd
         :cmEnd
         endlocal & call :cmErrorLevel %errorlevel% & goto :cmDone
         :cmErrorLevel
         exit /b %1
         :cmDone
         if %errorlevel% neq 0 goto :VCEnd
         :VCEnd
     1>Done Building Project "C:\Users\Carl\Desktop\Development\SDL3D\build\SDL3D.vcxproj" (Build target(s)).

Build succeeded.

Time Elapsed 00:00:01.91
