  Building Custom Rule C:/Users/Phil/source/repos/Phil-SDL3D/CMakeLists.txt
  SDL3D.cpp
  Game.cpp
  Utils.cpp
  ResourceManager.cpp
  InputManager.cpp
  SimpleTimer.cpp
  Camera.cpp
  ObjectGeometry.cpp
  ObjectGeometryGroup.cpp
  Shader.cpp
  Texture.cpp
  Object.cpp
  TexturedObject.cpp
  ShadedObject.cpp
  Light.cpp
  Entity.cpp
  EntityManager.cpp
  Script.cpp
  Sound.cpp
  PhysicsBody.cpp
  Generating Code...
  Compiling...
  tiny_obj_loader.cc
  advancing_front.cc
  cdt.cc
  sweep.cc
C:\Users\Phil\source\repos\Phil-SDL3D\lib\poly2tri\poly2tri\sweep\sweep.cc(806,22): warning C4018: '<': signed/unsigned mismatch
  sweep_context.cc
  shapes.cc
  Generating Code...
C:\Users\Phil\source\repos\Phil-SDL3D\lib\poly2tri\poly2tri\common\shapes.cc(239): warning C4715: 'p2t::Triangle::PointCCW': not all control paths return a value
C:\Users\Phil\source\repos\Phil-SDL3D\lib\poly2tri\poly2tri\common\shapes.cc(167): warning C4715: 'p2t::Triangle::Index': not all control paths return a value
C:\Users\Phil\source\repos\Phil-SDL3D\lib\poly2tri\poly2tri\common\shapes.cc(226): warning C4715: 'p2t::Triangle::PointCW': not all control paths return a value
C:\Users\Phil\source\repos\Phil-SDL3D\lib\poly2tri\poly2tri\sweep\sweep.cc(772): warning C4715: 'p2t::Sweep::NextFlipPoint': not all control paths return a value
  glad.c
  SDL3DMain.vcxproj -> C:\Users\Phil\source\repos\Phil-SDL3D\build\Debug\SDL3DMain.exe
