Build started 05/06/2015 4:55:20 PM.
     1>Project "C:\Users\Carl\Desktop\Development\SDL3D\build\SDL3D.vcxproj" on node 2 (Build target(s)).
     1>ClCompile:
         C:\Program Files (x86)\Microsoft Visual Studio 11.0\VC\bin\CL.exe /c /IC:\Users\Carl\Desktop\Development\SDL3D\src /I"C:\Users\Carl\Desktop\Development\SDL3D\lib\SDL2-2.0.3\include" /I"C:\Users\Carl\Desktop\Development\SDL3D\lib\glew-1.12.0\include" /Zi /nologo /W3 /WX- /Od /Ob0 /Oy- /D WIN32 /D _WINDOWS /D _DEBUG /D "CMAKE_INTDIR=\"Debug\"" /D _MBCS /Gm- /EHsc /RTC1 /MDd /GS /fp:precise /Zc:wchar_t /Zc:forScope /GR /Fo"SDL3D.dir\Debug\\" /Fd"SDL3D.dir\Debug\vc110.pdb" /Gd /TP /wd4100 /wd4127 /wd4189 /wd4512 /wd4702 /wd4100 /wd4127 /wd4189 /wd4512 /wd4702 /wd4100 /wd4127 /wd4189 /wd4512 /wd4702 /wd4100 /wd4127 /wd4189 /wd4512 /wd4702 /analyze- /errorReport:prompt C:\Users\Carl\Desktop\Development\SDL3D\src\ResourceManager.cpp
         ResourceManager.cpp
       Link:
         C:\Program Files (x86)\Microsoft Visual Studio 11.0\VC\bin\link.exe /ERRORREPORT:PROMPT /OUT:"C:\Users\Carl\Desktop\Development\SDL3D\build\Debug\SDL3D.exe" /INCREMENTAL /NOLOGO kernel32.lib user32.lib gdi32.lib winspool.lib shell32.lib ole32.lib oleaut32.lib uuid.lib comdlg32.lib advapi32.lib "..\lib\glew-1.12.0\lib\Release\Win32\glew32.lib" glu32.lib opengl32.lib "..\lib\SDL2-2.0.3\lib\x86\SDL2.lib" "..\lib\SDL2-2.0.3\lib\x86\SDL2main.lib" /MANIFEST /MANIFESTUAC:"level='asInvoker' uiAccess='false'" /manifest:embed /DEBUG /PDB:"C:/Users/Carl/Desktop/Development/SDL3D/build/Debug/SDL3D.pdb" /SUBSYSTEM:WINDOWS /TLBID:1 /DYNAMICBASE /NXCOMPAT /IMPLIB:"C:/Users/Carl/Desktop/Development/SDL3D/build/Debug/SDL3D.lib" /MACHINE:X86 /SAFESEH  /machine:X86 /debug SDL3D.dir\Debug\SDL3D.obj
         SDL3D.dir\Debug\Game.obj
         SDL3D.dir\Debug\HelperFunctions.obj
         SDL3D.dir\Debug\ResourceManager.obj
         SDL3D.vcxproj -> C:\Users\Carl\Desktop\Development\SDL3D\build\Debug\SDL3D.exe
       PostBuildEvent:
         setlocal
         "C:\Program Files (x86)\CMake\bin\cmake.exe" -E copy_if_different C:/Users/Carl/Desktop/Development/SDL3D/lib/SDL2-2.0.3/lib/x86/SDL2.dll C:/Users/Carl/Desktop/Development/SDL3D/build/Debug/SDL2.dll
         if %errorlevel% neq 0 goto :cmEnd
         :cmEnd
         endlocal & call :cmErrorLevel %errorlevel% & goto :cmDone
         :cmErrorLevel
         exit /b %1
         :cmDone
         if %errorlevel% neq 0 goto :VCEnd
         setlocal
         "C:\Program Files (x86)\CMake\bin\cmake.exe" -E copy_if_different C:/Users/Carl/Desktop/Development/SDL3D/lib/glew-1.12.0/bin/Release/Win32/glew32.dll C:/Users/Carl/Desktop/Development/SDL3D/build/Debug/glew32.dll
         if %errorlevel% neq 0 goto :cmEnd
         :cmEnd
         endlocal & call :cmErrorLevel %errorlevel% & goto :cmDone
         :cmErrorLevel
         exit /b %1
         :cmDone
         if %errorlevel% neq 0 goto :VCEnd
         setlocal
         "C:\Program Files (x86)\CMake\bin\cmake.exe" -E copy_directory C:/Users/Carl/Desktop/Development/SDL3D/resource C:/Users/Carl/Desktop/Development/SDL3D/build/Debug/resource
         if %errorlevel% neq 0 goto :cmEnd
         :cmEnd
         endlocal & call :cmErrorLevel %errorlevel% & goto :cmDone
         :cmErrorLevel
         exit /b %1
         :cmDone
         if %errorlevel% neq 0 goto :VCEnd
         :VCEnd
     1>Done Building Project "C:\Users\Carl\Desktop\Development\SDL3D\build\SDL3D.vcxproj" (Build target(s)).

Build succeeded.

Time Elapsed 00:00:01.15
