C:\Users\Carl\Documents\GitHub\SDL3D\lib\SDL\SDL2-2.0.4\VisualC\SDL\Win32\Release\cl.command.1.tlog
C:\Users\Carl\Documents\GitHub\SDL3D\lib\SDL\SDL2-2.0.4\VisualC\SDL\Win32\Release\CL.read.1.tlog
C:\Users\Carl\Documents\GitHub\SDL3D\lib\SDL\SDL2-2.0.4\VisualC\SDL\Win32\Release\CL.write.1.tlog
C:\USERS\CARL\DOCUMENTS\GITHUB\SDL3D\LIB\SDL\SDL2-2.0.4\VISUALC\SDL\WIN32\RELEASE\E_ATAN2.OBJ
C:\USERS\CARL\DOCUMENTS\GITHUB\SDL3D\LIB\SDL\SDL2-2.0.4\VISUALC\SDL\WIN32\RELEASE\E_LOG.OBJ
C:\USERS\CARL\DOCUMENTS\GITHUB\SDL3D\LIB\SDL\SDL2-2.0.4\VISUALC\SDL\WIN32\RELEASE\E_POW.OBJ
C:\USERS\CARL\DOCUMENTS\GITHUB\SDL3D\LIB\SDL\SDL2-2.0.4\VISUALC\SDL\WIN32\RELEASE\E_REM_PIO2.OBJ
C:\USERS\CARL\DOCUMENTS\GITHUB\SDL3D\LIB\SDL\SDL2-2.0.4\VISUALC\SDL\WIN32\RELEASE\E_SQRT.OBJ
C:\USERS\CARL\DOCUMENTS\GITHUB\SDL3D\LIB\SDL\SDL2-2.0.4\VISUALC\SDL\WIN32\RELEASE\K_COS.OBJ
C:\USERS\CARL\DOCUMENTS\GITHUB\SDL3D\LIB\SDL\SDL2-2.0.4\VISUALC\SDL\WIN32\RELEASE\K_REM_PIO2.OBJ
C:\USERS\CARL\DOCUMENTS\GITHUB\SDL3D\LIB\SDL\SDL2-2.0.4\VISUALC\SDL\WIN32\RELEASE\K_SIN.OBJ
C:\USERS\CARL\DOCUMENTS\GITHUB\SDL3D\LIB\SDL\SDL2-2.0.4\VISUALC\SDL\WIN32\RELEASE\K_TAN.OBJ
C:\Users\Carl\Documents\GitHub\SDL3D\lib\SDL\SDL2-2.0.4\VisualC\SDL\Win32\Release\link.command.1.tlog
C:\Users\Carl\Documents\GitHub\SDL3D\lib\SDL\SDL2-2.0.4\VisualC\SDL\Win32\Release\link.read.1.tlog
C:\Users\Carl\Documents\GitHub\SDL3D\lib\SDL\SDL2-2.0.4\VisualC\SDL\Win32\Release\link.write.1.tlog
C:\Users\Carl\Documents\GitHub\SDL3D\lib\SDL\SDL2-2.0.4\VisualC\SDL\Win32\Release\link-cvtres.read.1.tlog
C:\Users\Carl\Documents\GitHub\SDL3D\lib\SDL\SDL2-2.0.4\VisualC\SDL\Win32\Release\link-cvtres.write.1.tlog
C:\Users\Carl\Documents\GitHub\SDL3D\lib\SDL\SDL2-2.0.4\VisualC\SDL\Win32\Release\mt.command.1.tlog
C:\Users\Carl\Documents\GitHub\SDL3D\lib\SDL\SDL2-2.0.4\VisualC\SDL\Win32\Release\mt.read.1.tlog
C:\Users\Carl\Documents\GitHub\SDL3D\lib\SDL\SDL2-2.0.4\VisualC\SDL\Win32\Release\mt.write.1.tlog
C:\Users\Carl\Documents\GitHub\SDL3D\lib\SDL\SDL2-2.0.4\VisualC\SDL\Win32\Release\rc.command.1.tlog
C:\Users\Carl\Documents\GitHub\SDL3D\lib\SDL\SDL2-2.0.4\VisualC\SDL\Win32\Release\rc.read.1.tlog
C:\Users\Carl\Documents\GitHub\SDL3D\lib\SDL\SDL2-2.0.4\VisualC\SDL\Win32\Release\rc.write.1.tlog
C:\USERS\CARL\DOCUMENTS\GITHUB\SDL3D\LIB\SDL\SDL2-2.0.4\VISUALC\SDL\WIN32\RELEASE\S_ATAN.OBJ
C:\USERS\CARL\DOCUMENTS\GITHUB\SDL3D\LIB\SDL\SDL2-2.0.4\VISUALC\SDL\WIN32\RELEASE\S_COPYSIGN.OBJ
C:\USERS\CARL\DOCUMENTS\GITHUB\SDL3D\LIB\SDL\SDL2-2.0.4\VISUALC\SDL\WIN32\RELEASE\S_COS.OBJ
C:\USERS\CARL\DOCUMENTS\GITHUB\SDL3D\LIB\SDL\SDL2-2.0.4\VISUALC\SDL\WIN32\RELEASE\S_FABS.OBJ
C:\USERS\CARL\DOCUMENTS\GITHUB\SDL3D\LIB\SDL\SDL2-2.0.4\VISUALC\SDL\WIN32\RELEASE\S_FLOOR.OBJ
C:\USERS\CARL\DOCUMENTS\GITHUB\SDL3D\LIB\SDL\SDL2-2.0.4\VISUALC\SDL\WIN32\RELEASE\S_SCALBN.OBJ
C:\USERS\CARL\DOCUMENTS\GITHUB\SDL3D\LIB\SDL\SDL2-2.0.4\VISUALC\SDL\WIN32\RELEASE\S_SIN.OBJ
C:\USERS\CARL\DOCUMENTS\GITHUB\SDL3D\LIB\SDL\SDL2-2.0.4\VISUALC\SDL\WIN32\RELEASE\S_TAN.OBJ
C:\USERS\CARL\DOCUMENTS\GITHUB\SDL3D\LIB\SDL\SDL2-2.0.4\VISUALC\SDL\WIN32\RELEASE\SDL.OBJ
C:\USERS\CARL\DOCUMENTS\GITHUB\SDL3D\LIB\SDL\SDL2-2.0.4\VISUALC\SDL\WIN32\RELEASE\SDL_ASSERT.OBJ
C:\USERS\CARL\DOCUMENTS\GITHUB\SDL3D\LIB\SDL\SDL2-2.0.4\VISUALC\SDL\WIN32\RELEASE\SDL_ATOMIC.OBJ
C:\USERS\CARL\DOCUMENTS\GITHUB\SDL3D\LIB\SDL\SDL2-2.0.4\VISUALC\SDL\WIN32\RELEASE\SDL_AUDIO.OBJ
C:\USERS\CARL\DOCUMENTS\GITHUB\SDL3D\LIB\SDL\SDL2-2.0.4\VISUALC\SDL\WIN32\RELEASE\SDL_AUDIOCVT.OBJ
C:\USERS\CARL\DOCUMENTS\GITHUB\SDL3D\LIB\SDL\SDL2-2.0.4\VISUALC\SDL\WIN32\RELEASE\SDL_AUDIODEV.OBJ
C:\USERS\CARL\DOCUMENTS\GITHUB\SDL3D\LIB\SDL\SDL2-2.0.4\VISUALC\SDL\WIN32\RELEASE\SDL_AUDIOTYPECVT.OBJ
C:\USERS\CARL\DOCUMENTS\GITHUB\SDL3D\LIB\SDL\SDL2-2.0.4\VISUALC\SDL\WIN32\RELEASE\SDL_BLENDFILLRECT.OBJ
C:\USERS\CARL\DOCUMENTS\GITHUB\SDL3D\LIB\SDL\SDL2-2.0.4\VISUALC\SDL\WIN32\RELEASE\SDL_BLENDLINE.OBJ
C:\USERS\CARL\DOCUMENTS\GITHUB\SDL3D\LIB\SDL\SDL2-2.0.4\VISUALC\SDL\WIN32\RELEASE\SDL_BLENDPOINT.OBJ
C:\USERS\CARL\DOCUMENTS\GITHUB\SDL3D\LIB\SDL\SDL2-2.0.4\VISUALC\SDL\WIN32\RELEASE\SDL_BLIT.OBJ
C:\USERS\CARL\DOCUMENTS\GITHUB\SDL3D\LIB\SDL\SDL2-2.0.4\VISUALC\SDL\WIN32\RELEASE\SDL_BLIT_0.OBJ
C:\USERS\CARL\DOCUMENTS\GITHUB\SDL3D\LIB\SDL\SDL2-2.0.4\VISUALC\SDL\WIN32\RELEASE\SDL_BLIT_1.OBJ
C:\USERS\CARL\DOCUMENTS\GITHUB\SDL3D\LIB\SDL\SDL2-2.0.4\VISUALC\SDL\WIN32\RELEASE\SDL_BLIT_A.OBJ
C:\USERS\CARL\DOCUMENTS\GITHUB\SDL3D\LIB\SDL\SDL2-2.0.4\VISUALC\SDL\WIN32\RELEASE\SDL_BLIT_AUTO.OBJ
C:\USERS\CARL\DOCUMENTS\GITHUB\SDL3D\LIB\SDL\SDL2-2.0.4\VISUALC\SDL\WIN32\RELEASE\SDL_BLIT_COPY.OBJ
C:\USERS\CARL\DOCUMENTS\GITHUB\SDL3D\LIB\SDL\SDL2-2.0.4\VISUALC\SDL\WIN32\RELEASE\SDL_BLIT_N.OBJ
C:\USERS\CARL\DOCUMENTS\GITHUB\SDL3D\LIB\SDL\SDL2-2.0.4\VISUALC\SDL\WIN32\RELEASE\SDL_BLIT_SLOW.OBJ
C:\USERS\CARL\DOCUMENTS\GITHUB\SDL3D\LIB\SDL\SDL2-2.0.4\VISUALC\SDL\WIN32\RELEASE\SDL_BMP.OBJ
C:\USERS\CARL\DOCUMENTS\GITHUB\SDL3D\LIB\SDL\SDL2-2.0.4\VISUALC\SDL\WIN32\RELEASE\SDL_CLIPBOARD.OBJ
C:\USERS\CARL\DOCUMENTS\GITHUB\SDL3D\LIB\SDL\SDL2-2.0.4\VISUALC\SDL\WIN32\RELEASE\SDL_CLIPBOARDEVENTS.OBJ
C:\USERS\CARL\DOCUMENTS\GITHUB\SDL3D\LIB\SDL\SDL2-2.0.4\VISUALC\SDL\WIN32\RELEASE\SDL_CPUINFO.OBJ
C:\USERS\CARL\DOCUMENTS\GITHUB\SDL3D\LIB\SDL\SDL2-2.0.4\VISUALC\SDL\WIN32\RELEASE\SDL_D3DMATH.OBJ
C:\USERS\CARL\DOCUMENTS\GITHUB\SDL3D\LIB\SDL\SDL2-2.0.4\VISUALC\SDL\WIN32\RELEASE\SDL_DINPUTHAPTIC.OBJ
C:\USERS\CARL\DOCUMENTS\GITHUB\SDL3D\LIB\SDL\SDL2-2.0.4\VISUALC\SDL\WIN32\RELEASE\SDL_DINPUTJOYSTICK.OBJ
C:\USERS\CARL\DOCUMENTS\GITHUB\SDL3D\LIB\SDL\SDL2-2.0.4\VISUALC\SDL\WIN32\RELEASE\SDL_DIRECTSOUND.OBJ
C:\USERS\CARL\DOCUMENTS\GITHUB\SDL3D\LIB\SDL\SDL2-2.0.4\VISUALC\SDL\WIN32\RELEASE\SDL_DISKAUDIO.OBJ
C:\USERS\CARL\DOCUMENTS\GITHUB\SDL3D\LIB\SDL\SDL2-2.0.4\VISUALC\SDL\WIN32\RELEASE\SDL_DRAWLINE.OBJ
C:\USERS\CARL\DOCUMENTS\GITHUB\SDL3D\LIB\SDL\SDL2-2.0.4\VISUALC\SDL\WIN32\RELEASE\SDL_DRAWPOINT.OBJ
C:\USERS\CARL\DOCUMENTS\GITHUB\SDL3D\LIB\SDL\SDL2-2.0.4\VISUALC\SDL\WIN32\RELEASE\SDL_DROPEVENTS.OBJ
C:\USERS\CARL\DOCUMENTS\GITHUB\SDL3D\LIB\SDL\SDL2-2.0.4\VISUALC\SDL\WIN32\RELEASE\SDL_DUMMYAUDIO.OBJ
C:\USERS\CARL\DOCUMENTS\GITHUB\SDL3D\LIB\SDL\SDL2-2.0.4\VISUALC\SDL\WIN32\RELEASE\SDL_DYNAPI.OBJ
C:\USERS\CARL\DOCUMENTS\GITHUB\SDL3D\LIB\SDL\SDL2-2.0.4\VISUALC\SDL\WIN32\RELEASE\SDL_EGL.OBJ
C:\USERS\CARL\DOCUMENTS\GITHUB\SDL3D\LIB\SDL\SDL2-2.0.4\VISUALC\SDL\WIN32\RELEASE\SDL_ERROR.OBJ
C:\USERS\CARL\DOCUMENTS\GITHUB\SDL3D\LIB\SDL\SDL2-2.0.4\VISUALC\SDL\WIN32\RELEASE\SDL_EVENTS.OBJ
C:\USERS\CARL\DOCUMENTS\GITHUB\SDL3D\LIB\SDL\SDL2-2.0.4\VISUALC\SDL\WIN32\RELEASE\SDL_FILLRECT.OBJ
C:\USERS\CARL\DOCUMENTS\GITHUB\SDL3D\LIB\SDL\SDL2-2.0.4\VISUALC\SDL\WIN32\RELEASE\SDL_GAMECONTROLLER.OBJ
C:\USERS\CARL\DOCUMENTS\GITHUB\SDL3D\LIB\SDL\SDL2-2.0.4\VISUALC\SDL\WIN32\RELEASE\SDL_GESTURE.OBJ
C:\USERS\CARL\DOCUMENTS\GITHUB\SDL3D\LIB\SDL\SDL2-2.0.4\VISUALC\SDL\WIN32\RELEASE\SDL_GETENV.OBJ
C:\USERS\CARL\DOCUMENTS\GITHUB\SDL3D\LIB\SDL\SDL2-2.0.4\VISUALC\SDL\WIN32\RELEASE\SDL_HAPTIC.OBJ
C:\USERS\CARL\DOCUMENTS\GITHUB\SDL3D\LIB\SDL\SDL2-2.0.4\VISUALC\SDL\WIN32\RELEASE\SDL_HINTS.OBJ
C:\USERS\CARL\DOCUMENTS\GITHUB\SDL3D\LIB\SDL\SDL2-2.0.4\VISUALC\SDL\WIN32\RELEASE\SDL_ICONV.OBJ
C:\USERS\CARL\DOCUMENTS\GITHUB\SDL3D\LIB\SDL\SDL2-2.0.4\VISUALC\SDL\WIN32\RELEASE\SDL_JOYSTICK.OBJ
C:\USERS\CARL\DOCUMENTS\GITHUB\SDL3D\LIB\SDL\SDL2-2.0.4\VISUALC\SDL\WIN32\RELEASE\SDL_KEYBOARD.OBJ
C:\USERS\CARL\DOCUMENTS\GITHUB\SDL3D\LIB\SDL\SDL2-2.0.4\VISUALC\SDL\WIN32\RELEASE\SDL_LOG.OBJ
C:\USERS\CARL\DOCUMENTS\GITHUB\SDL3D\LIB\SDL\SDL2-2.0.4\VISUALC\SDL\WIN32\RELEASE\SDL_MALLOC.OBJ
C:\USERS\CARL\DOCUMENTS\GITHUB\SDL3D\LIB\SDL\SDL2-2.0.4\VISUALC\SDL\WIN32\RELEASE\SDL_MIXER.OBJ
C:\USERS\CARL\DOCUMENTS\GITHUB\SDL3D\LIB\SDL\SDL2-2.0.4\VISUALC\SDL\WIN32\RELEASE\SDL_MMJOYSTICK.OBJ
C:\USERS\CARL\DOCUMENTS\GITHUB\SDL3D\LIB\SDL\SDL2-2.0.4\VISUALC\SDL\WIN32\RELEASE\SDL_MOUSE.OBJ
C:\USERS\CARL\DOCUMENTS\GITHUB\SDL3D\LIB\SDL\SDL2-2.0.4\VISUALC\SDL\WIN32\RELEASE\SDL_NULLEVENTS.OBJ
C:\USERS\CARL\DOCUMENTS\GITHUB\SDL3D\LIB\SDL\SDL2-2.0.4\VISUALC\SDL\WIN32\RELEASE\SDL_NULLFRAMEBUFFER.OBJ
C:\USERS\CARL\DOCUMENTS\GITHUB\SDL3D\LIB\SDL\SDL2-2.0.4\VISUALC\SDL\WIN32\RELEASE\SDL_NULLVIDEO.OBJ
C:\USERS\CARL\DOCUMENTS\GITHUB\SDL3D\LIB\SDL\SDL2-2.0.4\VISUALC\SDL\WIN32\RELEASE\SDL_PIXELS.OBJ
C:\USERS\CARL\DOCUMENTS\GITHUB\SDL3D\LIB\SDL\SDL2-2.0.4\VISUALC\SDL\WIN32\RELEASE\SDL_POWER.OBJ
C:\USERS\CARL\DOCUMENTS\GITHUB\SDL3D\LIB\SDL\SDL2-2.0.4\VISUALC\SDL\WIN32\RELEASE\SDL_QSORT.OBJ
C:\USERS\CARL\DOCUMENTS\GITHUB\SDL3D\LIB\SDL\SDL2-2.0.4\VISUALC\SDL\WIN32\RELEASE\SDL_QUIT.OBJ
C:\USERS\CARL\DOCUMENTS\GITHUB\SDL3D\LIB\SDL\SDL2-2.0.4\VISUALC\SDL\WIN32\RELEASE\SDL_RECT.OBJ
C:\USERS\CARL\DOCUMENTS\GITHUB\SDL3D\LIB\SDL\SDL2-2.0.4\VISUALC\SDL\WIN32\RELEASE\SDL_RENDER.OBJ
C:\USERS\CARL\DOCUMENTS\GITHUB\SDL3D\LIB\SDL\SDL2-2.0.4\VISUALC\SDL\WIN32\RELEASE\SDL_RENDER_D3D.OBJ
C:\USERS\CARL\DOCUMENTS\GITHUB\SDL3D\LIB\SDL\SDL2-2.0.4\VISUALC\SDL\WIN32\RELEASE\SDL_RENDER_D3D11.OBJ
C:\USERS\CARL\DOCUMENTS\GITHUB\SDL3D\LIB\SDL\SDL2-2.0.4\VISUALC\SDL\WIN32\RELEASE\SDL_RENDER_GL.OBJ
C:\USERS\CARL\DOCUMENTS\GITHUB\SDL3D\LIB\SDL\SDL2-2.0.4\VISUALC\SDL\WIN32\RELEASE\SDL_RENDER_GLES2.OBJ
C:\USERS\CARL\DOCUMENTS\GITHUB\SDL3D\LIB\SDL\SDL2-2.0.4\VISUALC\SDL\WIN32\RELEASE\SDL_RENDER_SW.OBJ
C:\USERS\CARL\DOCUMENTS\GITHUB\SDL3D\LIB\SDL\SDL2-2.0.4\VISUALC\SDL\WIN32\RELEASE\SDL_RLEACCEL.OBJ
C:\USERS\CARL\DOCUMENTS\GITHUB\SDL3D\LIB\SDL\SDL2-2.0.4\VISUALC\SDL\WIN32\RELEASE\SDL_ROTATE.OBJ
C:\USERS\CARL\DOCUMENTS\GITHUB\SDL3D\LIB\SDL\SDL2-2.0.4\VISUALC\SDL\WIN32\RELEASE\SDL_RWOPS.OBJ
C:\USERS\CARL\DOCUMENTS\GITHUB\SDL3D\LIB\SDL\SDL2-2.0.4\VISUALC\SDL\WIN32\RELEASE\SDL_SHADERS_GL.OBJ
C:\USERS\CARL\DOCUMENTS\GITHUB\SDL3D\LIB\SDL\SDL2-2.0.4\VISUALC\SDL\WIN32\RELEASE\SDL_SHADERS_GLES2.OBJ
C:\USERS\CARL\DOCUMENTS\GITHUB\SDL3D\LIB\SDL\SDL2-2.0.4\VISUALC\SDL\WIN32\RELEASE\SDL_SHAPE.OBJ
C:\USERS\CARL\DOCUMENTS\GITHUB\SDL3D\LIB\SDL\SDL2-2.0.4\VISUALC\SDL\WIN32\RELEASE\SDL_SPINLOCK.OBJ
C:\USERS\CARL\DOCUMENTS\GITHUB\SDL3D\LIB\SDL\SDL2-2.0.4\VISUALC\SDL\WIN32\RELEASE\SDL_STDLIB.OBJ
C:\USERS\CARL\DOCUMENTS\GITHUB\SDL3D\LIB\SDL\SDL2-2.0.4\VISUALC\SDL\WIN32\RELEASE\SDL_STRETCH.OBJ
C:\USERS\CARL\DOCUMENTS\GITHUB\SDL3D\LIB\SDL\SDL2-2.0.4\VISUALC\SDL\WIN32\RELEASE\SDL_STRING.OBJ
C:\USERS\CARL\DOCUMENTS\GITHUB\SDL3D\LIB\SDL\SDL2-2.0.4\VISUALC\SDL\WIN32\RELEASE\SDL_SURFACE.OBJ
C:\USERS\CARL\DOCUMENTS\GITHUB\SDL3D\LIB\SDL\SDL2-2.0.4\VISUALC\SDL\WIN32\RELEASE\SDL_SYSCOND.OBJ
C:\USERS\CARL\DOCUMENTS\GITHUB\SDL3D\LIB\SDL\SDL2-2.0.4\VISUALC\SDL\WIN32\RELEASE\SDL_SYSFILESYSTEM.OBJ
C:\USERS\CARL\DOCUMENTS\GITHUB\SDL3D\LIB\SDL\SDL2-2.0.4\VISUALC\SDL\WIN32\RELEASE\SDL_SYSLOADSO.OBJ
C:\USERS\CARL\DOCUMENTS\GITHUB\SDL3D\LIB\SDL\SDL2-2.0.4\VISUALC\SDL\WIN32\RELEASE\SDL_SYSMUTEX.OBJ
C:\USERS\CARL\DOCUMENTS\GITHUB\SDL3D\LIB\SDL\SDL2-2.0.4\VISUALC\SDL\WIN32\RELEASE\SDL_SYSPOWER.OBJ
C:\USERS\CARL\DOCUMENTS\GITHUB\SDL3D\LIB\SDL\SDL2-2.0.4\VISUALC\SDL\WIN32\RELEASE\SDL_SYSSEM.OBJ
C:\USERS\CARL\DOCUMENTS\GITHUB\SDL3D\LIB\SDL\SDL2-2.0.4\VISUALC\SDL\WIN32\RELEASE\SDL_SYSTHREAD.OBJ
C:\USERS\CARL\DOCUMENTS\GITHUB\SDL3D\LIB\SDL\SDL2-2.0.4\VISUALC\SDL\WIN32\RELEASE\SDL_SYSTIMER.OBJ
C:\USERS\CARL\DOCUMENTS\GITHUB\SDL3D\LIB\SDL\SDL2-2.0.4\VISUALC\SDL\WIN32\RELEASE\SDL_SYSTLS.OBJ
C:\USERS\CARL\DOCUMENTS\GITHUB\SDL3D\LIB\SDL\SDL2-2.0.4\VISUALC\SDL\WIN32\RELEASE\SDL_THREAD.OBJ
C:\USERS\CARL\DOCUMENTS\GITHUB\SDL3D\LIB\SDL\SDL2-2.0.4\VISUALC\SDL\WIN32\RELEASE\SDL_TIMER.OBJ
C:\USERS\CARL\DOCUMENTS\GITHUB\SDL3D\LIB\SDL\SDL2-2.0.4\VISUALC\SDL\WIN32\RELEASE\SDL_TOUCH.OBJ
C:\USERS\CARL\DOCUMENTS\GITHUB\SDL3D\LIB\SDL\SDL2-2.0.4\VISUALC\SDL\WIN32\RELEASE\SDL_VIDEO.OBJ
C:\USERS\CARL\DOCUMENTS\GITHUB\SDL3D\LIB\SDL\SDL2-2.0.4\VISUALC\SDL\WIN32\RELEASE\SDL_WAVE.OBJ
C:\USERS\CARL\DOCUMENTS\GITHUB\SDL3D\LIB\SDL\SDL2-2.0.4\VISUALC\SDL\WIN32\RELEASE\SDL_WINDOWEVENTS.OBJ
C:\USERS\CARL\DOCUMENTS\GITHUB\SDL3D\LIB\SDL\SDL2-2.0.4\VISUALC\SDL\WIN32\RELEASE\SDL_WINDOWS.OBJ
C:\USERS\CARL\DOCUMENTS\GITHUB\SDL3D\LIB\SDL\SDL2-2.0.4\VISUALC\SDL\WIN32\RELEASE\SDL_WINDOWSCLIPBOARD.OBJ
C:\USERS\CARL\DOCUMENTS\GITHUB\SDL3D\LIB\SDL\SDL2-2.0.4\VISUALC\SDL\WIN32\RELEASE\SDL_WINDOWSEVENTS.OBJ
C:\USERS\CARL\DOCUMENTS\GITHUB\SDL3D\LIB\SDL\SDL2-2.0.4\VISUALC\SDL\WIN32\RELEASE\SDL_WINDOWSFRAMEBUFFER.OBJ
C:\USERS\CARL\DOCUMENTS\GITHUB\SDL3D\LIB\SDL\SDL2-2.0.4\VISUALC\SDL\WIN32\RELEASE\SDL_WINDOWSHAPTIC.OBJ
C:\USERS\CARL\DOCUMENTS\GITHUB\SDL3D\LIB\SDL\SDL2-2.0.4\VISUALC\SDL\WIN32\RELEASE\SDL_WINDOWSJOYSTICK.OBJ
C:\USERS\CARL\DOCUMENTS\GITHUB\SDL3D\LIB\SDL\SDL2-2.0.4\VISUALC\SDL\WIN32\RELEASE\SDL_WINDOWSKEYBOARD.OBJ
C:\USERS\CARL\DOCUMENTS\GITHUB\SDL3D\LIB\SDL\SDL2-2.0.4\VISUALC\SDL\WIN32\RELEASE\SDL_WINDOWSMESSAGEBOX.OBJ
C:\USERS\CARL\DOCUMENTS\GITHUB\SDL3D\LIB\SDL\SDL2-2.0.4\VISUALC\SDL\WIN32\RELEASE\SDL_WINDOWSMODES.OBJ
C:\USERS\CARL\DOCUMENTS\GITHUB\SDL3D\LIB\SDL\SDL2-2.0.4\VISUALC\SDL\WIN32\RELEASE\SDL_WINDOWSMOUSE.OBJ
C:\USERS\CARL\DOCUMENTS\GITHUB\SDL3D\LIB\SDL\SDL2-2.0.4\VISUALC\SDL\WIN32\RELEASE\SDL_WINDOWSOPENGL.OBJ
C:\USERS\CARL\DOCUMENTS\GITHUB\SDL3D\LIB\SDL\SDL2-2.0.4\VISUALC\SDL\WIN32\RELEASE\SDL_WINDOWSOPENGLES.OBJ
C:\USERS\CARL\DOCUMENTS\GITHUB\SDL3D\LIB\SDL\SDL2-2.0.4\VISUALC\SDL\WIN32\RELEASE\SDL_WINDOWSSHAPE.OBJ
C:\USERS\CARL\DOCUMENTS\GITHUB\SDL3D\LIB\SDL\SDL2-2.0.4\VISUALC\SDL\WIN32\RELEASE\SDL_WINDOWSVIDEO.OBJ
C:\USERS\CARL\DOCUMENTS\GITHUB\SDL3D\LIB\SDL\SDL2-2.0.4\VISUALC\SDL\WIN32\RELEASE\SDL_WINDOWSWINDOW.OBJ
C:\USERS\CARL\DOCUMENTS\GITHUB\SDL3D\LIB\SDL\SDL2-2.0.4\VISUALC\SDL\WIN32\RELEASE\SDL_WINMM.OBJ
C:\USERS\CARL\DOCUMENTS\GITHUB\SDL3D\LIB\SDL\SDL2-2.0.4\VISUALC\SDL\WIN32\RELEASE\SDL_XAUDIO2.OBJ
C:\USERS\CARL\DOCUMENTS\GITHUB\SDL3D\LIB\SDL\SDL2-2.0.4\VISUALC\SDL\WIN32\RELEASE\SDL_XINPUT.OBJ
C:\USERS\CARL\DOCUMENTS\GITHUB\SDL3D\LIB\SDL\SDL2-2.0.4\VISUALC\SDL\WIN32\RELEASE\SDL_XINPUTHAPTIC.OBJ
C:\USERS\CARL\DOCUMENTS\GITHUB\SDL3D\LIB\SDL\SDL2-2.0.4\VISUALC\SDL\WIN32\RELEASE\SDL_XINPUTJOYSTICK.OBJ
C:\USERS\CARL\DOCUMENTS\GITHUB\SDL3D\LIB\SDL\SDL2-2.0.4\VISUALC\SDL\WIN32\RELEASE\SDL_YUV_MMX.OBJ
C:\USERS\CARL\DOCUMENTS\GITHUB\SDL3D\LIB\SDL\SDL2-2.0.4\VISUALC\SDL\WIN32\RELEASE\SDL_YUV_SW.OBJ
C:\USERS\CARL\DOCUMENTS\GITHUB\SDL3D\LIB\SDL\SDL2-2.0.4\VISUALC\SDL\WIN32\RELEASE\SDL2.DLL.INTERMEDIATE.MANIFEST
C:\Users\Carl\Documents\GitHub\SDL3D\lib\SDL\SDL2-2.0.4\VisualC\SDL\Win32\Release\SDL2.write.1.tlog
C:\USERS\CARL\DOCUMENTS\GITHUB\SDL3D\LIB\SDL\SDL2-2.0.4\VISUALC\SDL\WIN32\RELEASE\VC100.PDB
C:\USERS\CARL\DOCUMENTS\GITHUB\SDL3D\LIB\SDL\SDL2-2.0.4\VISUALC\SDL\WIN32\RELEASE\VERSION.RES
C:\USERS\CARL\DOCUMENTS\GITHUB\SDL3D\LIB\SDL\SDL2-2.0.4\VISUALC\WIN32\RELEASE\SDL2.DLL
C:\Users\Carl\Documents\GitHub\SDL3D\lib\SDL\SDL2-2.0.4\VisualC\Win32\Release\SDL2.exp
C:\Users\Carl\Documents\GitHub\SDL3D\lib\SDL\SDL2-2.0.4\VisualC\Win32\Release\SDL2.lib
C:\USERS\CARL\DOCUMENTS\GITHUB\SDL3D\LIB\SDL\SDL2-2.0.4\VISUALC\WIN32\RELEASE\SDL2.PDB
